<?xml version="1.0" encoding="UTF-8"?>
<!-- Generated by org.testng.reporters.JUnitReportReporter -->
<testsuite hostname="snehap-w7" name="com.mercury.bdd.register.RunnerRegister" tests="1" failures="0" timestamp="8 Jun 2016 08:55:29 GMT" time="29.924" errors="0">
  <testcase name="run_cukes" time="29.924" classname="com.mercury.bdd.register.RunnerRegister"/>
</testsuite> <!-- com.mercury.bdd.register.RunnerRegister -->
