<?xml version="1.0" encoding="UTF-8"?>
<!-- Generated by org.testng.reporters.JUnitReportReporter -->
<testsuite hostname="snehap-w7" name="com.mercury.bdd.login.TestLogin" tests="1" failures="0" timestamp="2 Jun 2016 05:15:05 GMT" time="2.664" errors="0">
  <testcase name="browser" time="2.664" classname="com.mercury.bdd.login.TestLogin"/>
</testsuite> <!-- com.mercury.bdd.login.TestLogin -->
