<?xml version="1.0" encoding="UTF-8"?>
<!-- Generated by org.testng.reporters.JUnitReportReporter -->
<testsuite hostname="snehap-w7" name="com.mercury.bdd.register.RunnerRegister" tests="1" failures="0" timestamp="8 Jun 2016 08:59:28 GMT" time="27.720" errors="0">
  <testcase name="run_cukes" time="27.720" classname="com.mercury.bdd.register.RunnerRegister"/>
</testsuite> <!-- com.mercury.bdd.register.RunnerRegister -->
