<?xml version="1.0" encoding="UTF-8"?>
<!-- Generated by org.testng.reporters.JUnitReportReporter -->
<testsuite hostname="snehap-w7" name="com.mercury.bdd.login.RunnerLogin" tests="1" failures="0" timestamp="8 Jun 2016 08:59:28 GMT" time="31.641" errors="0">
  <testcase name="run_cukes" time="31.641" classname="com.mercury.bdd.login.RunnerLogin"/>
</testsuite> <!-- com.mercury.bdd.login.RunnerLogin -->
